<?xml version="1.0" encoding="UTF-8"?>
<!-- Generated by org.testng.reporters.JUnitReportReporter -->
<testsuite hostname="HomeDesktop2022" failures="0" tests="1" name="luma.usa.myrunnertest.MyRunner" time="21.483" errors="0" timestamp="21 May 2023 21:04:03 GMT" skipped="0">
  <testcase classname="luma.usa.myrunnertest.MyRunner" name="runScenario" time="21.483"/>
</testsuite> <!-- luma.usa.myrunnertest.MyRunner -->
